<?xml version="1.0" encoding="UTF-8"?>
<!-- Generated by org.testng.reporters.JUnitReportReporter -->
<testsuite skipped="0" hostname="DESKTOP-1J8QQ19" name="Test.Test" tests="2" failures="0" timestamp="20 Oct 2018 17:33:13 GMT" time="32.034" errors="0">
  <testcase name="test_Home_Page_Appear_Correct" time="10.847" classname="Test.Test"/>
  <testcase name="customer" time="21.187" classname="Test.Test"/>
</testsuite> <!-- Test.Test -->
